Using pre-set license
Built from '2020.3/release' branch; Version is '2020.3.1f1 (77a89f25062f) revision 7841951'; Using compiler version '192528614'; Build Type 'Release'
OS: 'Windows 10 Pro; OS build 19042.1237; Version 2009; 64bit' Language: 'en' Physical Memory: 32688 MB
BatchMode: 1, IsHumanControllingUs: 0, StartBugReporterOnCrash: 0, Is64bit: 1, IsPro: 0

 COMMAND LINE ARGUMENTS:
C:\Program Files\Unity\Hub\Editor\2020.3.1f1\Editor\Unity.exe
-adb2
-batchMode
-noUpm
-name
AssetImportWorker0
-projectPath
C:/Programming/my_games/VimJam 2 Game Jam
-logFile
Logs/AssetImportWorker0.log
-srvPort
54694
Successfully changed project path to: C:/Programming/my_games/VimJam 2 Game Jam
C:/Programming/my_games/VimJam 2 Game Jam
Using Asset Import Pipeline V2.
Refreshing native plugins compatible for Editor in 49.93 ms, found 1 plugins.
Preloading 0 native plugins for Editor in 0.00 ms.
Initialize engine version: 2020.3.1f1 (77a89f25062f)
[Subsystems] Discovering subsystems at path C:/Program Files/Unity/Hub/Editor/2020.3.1f1/Editor/Data/Resources/UnitySubsystems
[Subsystems] Discovering subsystems at path C:/Programming/my_games/VimJam 2 Game Jam/Assets
GfxDevice: creating device client; threaded=0
Direct3D:
    Version:  Direct3D 11.0 [level 11.1]
    Renderer: NVIDIA GeForce RTX 2080 Ti (ID=0x1e07)
    Vendor:   
    VRAM:     11049 MB
    Driver:   30.0.14.7111
Initialize mono
Mono path[0] = 'C:/Program Files/Unity/Hub/Editor/2020.3.1f1/Editor/Data/Managed'
Mono path[1] = 'C:/Program Files/Unity/Hub/Editor/2020.3.1f1/Editor/Data/MonoBleedingEdge/lib/mono/unityjit'
Mono config path = 'C:/Program Files/Unity/Hub/Editor/2020.3.1f1/Editor/Data/MonoBleedingEdge/etc'
Using monoOptions --debugger-agent=transport=dt_socket,embedding=1,server=y,suspend=n,address=127.0.0.1:56172
Begin MonoManager ReloadAssembly
Registering precompiled unity dll's ...
Register platform support module: C:/Program Files/Unity/Hub/Editor/2020.3.1f1/Editor/Data/PlaybackEngines/WebGLSupport/UnityEditor.WebGL.Extensions.dll
Register platform support module: C:/Program Files/Unity/Hub/Editor/2020.3.1f1/Editor/Data/PlaybackEngines/WindowsStandaloneSupport/UnityEditor.WindowsStandalone.Extensions.dll
Registered in 0.001791 seconds.
Native extension for WindowsStandalone target not found
Native extension for WebGL target not found
Refreshing native plugins compatible for Editor in 43.62 ms, found 1 plugins.
Preloading 0 native plugins for Editor in 0.00 ms.
Invoked RoslynAnalysisRunner static constructor.
RoslynAnalysisRunner will not be running.
RoslynAnalysisRunner has terminated.
Mono: successfully reloaded assembly
- Completed reload, in  0.865 seconds
Platform modules already initialized, skipping
Registering precompiled user dll's ...
Registered in 0.001435 seconds.
Begin MonoManager ReloadAssembly
Native extension for WindowsStandalone target not found
Native extension for WebGL target not found
Refreshing native plugins compatible for Editor in 46.46 ms, found 1 plugins.
Preloading 0 native plugins for Editor in 0.00 ms.
Invoked RoslynAnalysisRunner static constructor.
RoslynAnalysisRunner will not be running.
RoslynAnalysisRunner has terminated.
Mono: successfully reloaded assembly
- Completed reload, in  0.837 seconds
Platform modules already initialized, skipping
========================================================================
Worker process is ready to serve import requests
Launched and connected shader compiler UnityShaderCompiler.exe after 0.03 seconds
Refreshing native plugins compatible for Editor in 0.45 ms, found 1 plugins.
Preloading 0 native plugins for Editor in 0.00 ms.
Unloading 2563 Unused Serialized files (Serialized files now loaded: 0)
System memory in use before: 127.7 MB.
System memory in use after: 127.8 MB.

Unloading 28 unused Assets to reduce memory usage. Loaded Objects now: 3027.
Total: 1.762400 ms (FindLiveObjects: 0.227800 ms CreateObjectMapping: 0.117000 ms MarkObjects: 1.342500 ms  DeleteObjects: 0.074300 ms)

========================================================================
Received Import Request.
  path: Assets/Art Assets/Environment/64bitwall.png
  artifactKey: Guid(7247b6df22c126d40a10f15d5e662772) Importer(815301076,1909f56bfc062723c751e8b465ee728b)
Start importing Assets/Art Assets/Environment/64bitwall.png using Guid(7247b6df22c126d40a10f15d5e662772) Importer(815301076,1909f56bfc062723c751e8b465ee728b)  -> (artifact id: 'bf9e40e3902be6fc165cbf221b664585') in 0.085426 seconds
  Import took 0.088400 seconds .

========================================================================
Received Import Request.
  Time since last request: 7.038078 seconds.
  path: Assets/Art Assets/Environment/64bitwall.png
  artifactKey: Guid(7247b6df22c126d40a10f15d5e662772) Importer(815301076,1909f56bfc062723c751e8b465ee728b)
Start importing Assets/Art Assets/Environment/64bitwall.png using Guid(7247b6df22c126d40a10f15d5e662772) Importer(815301076,1909f56bfc062723c751e8b465ee728b)  -> (artifact id: 'aa670ad2efb1267c4e9b476181162ac7') in 0.005622 seconds
  Import took 0.008765 seconds .

========================================================================
Received Import Request.
  Time since last request: 22.464075 seconds.
  path: Assets/Art Assets/Environment/64bitwall.png
  artifactKey: Guid(7247b6df22c126d40a10f15d5e662772) Importer(815301076,1909f56bfc062723c751e8b465ee728b)
Start importing Assets/Art Assets/Environment/64bitwall.png using Guid(7247b6df22c126d40a10f15d5e662772) Importer(815301076,1909f56bfc062723c751e8b465ee728b)  -> (artifact id: '59cdde3ef445f480648f9f459dfb41f3') in 0.006555 seconds
  Import took 0.009703 seconds .

========================================================================
Received Import Request.
  Time since last request: 55.022562 seconds.
  path: Assets/Art Assets/Player/Rui_Improved.png
  artifactKey: Guid(05c9c26ccd49e4748bf8a66e65c1709e) Importer(815301076,1909f56bfc062723c751e8b465ee728b)
Start importing Assets/Art Assets/Player/Rui_Improved.png using Guid(05c9c26ccd49e4748bf8a66e65c1709e) Importer(815301076,1909f56bfc062723c751e8b465ee728b)  -> (artifact id: '786d2bb7af617a250bf9ad2583b5207e') in 0.006794 seconds
  Import took 0.010186 seconds .

========================================================================
Received Import Request.
  Time since last request: 5.536708 seconds.
  path: Assets/Art Assets/Player/Rui_Improved.png
  artifactKey: Guid(05c9c26ccd49e4748bf8a66e65c1709e) Importer(815301076,1909f56bfc062723c751e8b465ee728b)
Start importing Assets/Art Assets/Player/Rui_Improved.png using Guid(05c9c26ccd49e4748bf8a66e65c1709e) Importer(815301076,1909f56bfc062723c751e8b465ee728b)  -> (artifact id: '395f2eb4600e9fb2a3273ac051ac8072') in 0.006210 seconds
  Import took 0.009312 seconds .

========================================================================
Received Import Request.
  Time since last request: 4.356090 seconds.
  path: Assets/Art Assets/Player/Rui_Improved.png
  artifactKey: Guid(05c9c26ccd49e4748bf8a66e65c1709e) Importer(815301076,1909f56bfc062723c751e8b465ee728b)
Start importing Assets/Art Assets/Player/Rui_Improved.png using Guid(05c9c26ccd49e4748bf8a66e65c1709e) Importer(815301076,1909f56bfc062723c751e8b465ee728b)  -> (artifact id: 'de545e751891c8d8ae649c3893385575') in 0.006141 seconds
  Import took 0.009287 seconds .

========================================================================
Received Import Request.
  Time since last request: 4.425947 seconds.
  path: Assets/Art Assets/Player/Rui_Improved.png
  artifactKey: Guid(05c9c26ccd49e4748bf8a66e65c1709e) Importer(815301076,1909f56bfc062723c751e8b465ee728b)
Start importing Assets/Art Assets/Player/Rui_Improved.png using Guid(05c9c26ccd49e4748bf8a66e65c1709e) Importer(815301076,1909f56bfc062723c751e8b465ee728b)  -> (artifact id: '68d305c6e01ca5675d095d5eb510b101') in 0.006286 seconds
  Import took 0.009405 seconds .

========================================================================
Received Import Request.
  Time since last request: 10.361704 seconds.
  path: Assets/Art Assets/Player/Rui_Improved.png
  artifactKey: Guid(05c9c26ccd49e4748bf8a66e65c1709e) Importer(815301076,1909f56bfc062723c751e8b465ee728b)
Start importing Assets/Art Assets/Player/Rui_Improved.png using Guid(05c9c26ccd49e4748bf8a66e65c1709e) Importer(815301076,1909f56bfc062723c751e8b465ee728b)  -> (artifact id: 'e930f9f2e1bdebc7edea64d449dc0e16') in 0.004147 seconds
  Import took 0.007255 seconds .

========================================================================
Received Import Request.
  Time since last request: 2.496530 seconds.
  path: Assets/Art Assets/Player/Rui_Improved.png
  artifactKey: Guid(05c9c26ccd49e4748bf8a66e65c1709e) Importer(815301076,1909f56bfc062723c751e8b465ee728b)
Start importing Assets/Art Assets/Player/Rui_Improved.png using Guid(05c9c26ccd49e4748bf8a66e65c1709e) Importer(815301076,1909f56bfc062723c751e8b465ee728b)  -> (artifact id: '8f83f04844f1ccb1885033c18c28835f') in 0.004555 seconds
  Import took 0.007611 seconds .

========================================================================
Received Import Request.
  Time since last request: 6.282845 seconds.
  path: Assets/Art Assets/Player/Rui_Improved.png
  artifactKey: Guid(05c9c26ccd49e4748bf8a66e65c1709e) Importer(815301076,1909f56bfc062723c751e8b465ee728b)
Start importing Assets/Art Assets/Player/Rui_Improved.png using Guid(05c9c26ccd49e4748bf8a66e65c1709e) Importer(815301076,1909f56bfc062723c751e8b465ee728b)  -> (artifact id: 'e22140991a86aee7e1db596f1ddd86f2') in 0.006986 seconds
  Import took 0.010160 seconds .

========================================================================
Received Import Request.
  Time since last request: 3.663031 seconds.
  path: Assets/Art Assets/Player/Rui_Improved.png
  artifactKey: Guid(05c9c26ccd49e4748bf8a66e65c1709e) Importer(815301076,1909f56bfc062723c751e8b465ee728b)
Start importing Assets/Art Assets/Player/Rui_Improved.png using Guid(05c9c26ccd49e4748bf8a66e65c1709e) Importer(815301076,1909f56bfc062723c751e8b465ee728b)  -> (artifact id: '6c60e2299fb7fc2bd4fdc903ee8629a0') in 0.004218 seconds
  Import took 0.007275 seconds .

========================================================================
Received Import Request.
  Time since last request: 46.619342 seconds.
  path: Assets/Art Assets/Player/Rui_Improved.png
  artifactKey: Guid(05c9c26ccd49e4748bf8a66e65c1709e) Importer(815301076,1909f56bfc062723c751e8b465ee728b)
Start importing Assets/Art Assets/Player/Rui_Improved.png using Guid(05c9c26ccd49e4748bf8a66e65c1709e) Importer(815301076,1909f56bfc062723c751e8b465ee728b)  -> (artifact id: '7fc22080d84ec60ffe9d89c6d1e96038') in 0.004478 seconds
  Import took 0.007663 seconds .

AssetImportWorkerClient::OnTransportError - code=2 error=End of file
