Using pre-set license
Built from '2020.3/release' branch; Version is '2020.3.1f1 (77a89f25062f) revision 7841951'; Using compiler version '192528614'; Build Type 'Release'
OS: 'Windows 10 Pro; OS build 19042.1165; Version 2009; 64bit' Language: 'en' Physical Memory: 32688 MB
BatchMode: 1, IsHumanControllingUs: 0, StartBugReporterOnCrash: 0, Is64bit: 1, IsPro: 0

 COMMAND LINE ARGUMENTS:
C:\Program Files\Unity\Hub\Editor\2020.3.1f1\Editor\Unity.exe
-adb2
-batchMode
-noUpm
-name
AssetImportWorker3
-projectPath
C:/Programming/my_games/VimJam 2 Game Jam
-logFile
Logs/AssetImportWorker3.log
-srvPort
65000
Successfully changed project path to: C:/Programming/my_games/VimJam 2 Game Jam
C:/Programming/my_games/VimJam 2 Game Jam
Using Asset Import Pipeline V2.
Refreshing native plugins compatible for Editor in 41.32 ms, found 1 plugins.
Preloading 0 native plugins for Editor in 0.00 ms.
Initialize engine version: 2020.3.1f1 (77a89f25062f)
[Subsystems] Discovering subsystems at path C:/Program Files/Unity/Hub/Editor/2020.3.1f1/Editor/Data/Resources/UnitySubsystems
[Subsystems] Discovering subsystems at path C:/Programming/my_games/VimJam 2 Game Jam/Assets
GfxDevice: creating device client; threaded=0
Direct3D:
    Version:  Direct3D 11.0 [level 11.1]
    Renderer: NVIDIA GeForce RTX 2080 Ti (ID=0x1e07)
    Vendor:   
    VRAM:     11049 MB
    Driver:   30.0.14.7111
Initialize mono
Mono path[0] = 'C:/Program Files/Unity/Hub/Editor/2020.3.1f1/Editor/Data/Managed'
Mono path[1] = 'C:/Program Files/Unity/Hub/Editor/2020.3.1f1/Editor/Data/MonoBleedingEdge/lib/mono/unityjit'
Mono config path = 'C:/Program Files/Unity/Hub/Editor/2020.3.1f1/Editor/Data/MonoBleedingEdge/etc'
Using monoOptions --debugger-agent=transport=dt_socket,embedding=1,server=y,suspend=n,address=127.0.0.1:56684
Begin MonoManager ReloadAssembly
Registering precompiled unity dll's ...
Register platform support module: C:/Program Files/Unity/Hub/Editor/2020.3.1f1/Editor/Data/PlaybackEngines/WindowsStandaloneSupport/UnityEditor.WindowsStandalone.Extensions.dll
Registered in 0.001525 seconds.
Native extension for WindowsStandalone target not found
Refreshing native plugins compatible for Editor in 35.85 ms, found 1 plugins.
Preloading 0 native plugins for Editor in 0.00 ms.
Invoked RoslynAnalysisRunner static constructor.
RoslynAnalysisRunner will not be running.
RoslynAnalysisRunner has terminated.
Mono: successfully reloaded assembly
- Completed reload, in  0.846 seconds
Platform modules already initialized, skipping
Registering precompiled user dll's ...
Registered in 0.001079 seconds.
Begin MonoManager ReloadAssembly
Native extension for WindowsStandalone target not found
Refreshing native plugins compatible for Editor in 36.87 ms, found 1 plugins.
Preloading 0 native plugins for Editor in 0.00 ms.
Invoked RoslynAnalysisRunner static constructor.
RoslynAnalysisRunner will not be running.
RoslynAnalysisRunner has terminated.
Mono: successfully reloaded assembly
- Completed reload, in  0.847 seconds
Platform modules already initialized, skipping
========================================================================
Worker process is ready to serve import requests
Launched and connected shader compiler UnityShaderCompiler.exe after 0.07 seconds
Refreshing native plugins compatible for Editor in 0.33 ms, found 1 plugins.
Preloading 0 native plugins for Editor in 0.00 ms.
Unloading 2393 Unused Serialized files (Serialized files now loaded: 0)
System memory in use before: 105.9 MB.
System memory in use after: 106.0 MB.

Unloading 27 unused Assets to reduce memory usage. Loaded Objects now: 2839.
Total: 1.778700 ms (FindLiveObjects: 0.210400 ms CreateObjectMapping: 0.114400 ms MarkObjects: 1.373800 ms  DeleteObjects: 0.079400 ms)

========================================================================
Received Import Request.
  path: Assets/Prefabs/Rooms/L Room.prefab
  artifactKey: Guid(72a23ede6d0b81c45ac38e59c77764ec) Importer(815301076,1909f56bfc062723c751e8b465ee728b)
Start importing Assets/Prefabs/Rooms/L Room.prefab using Guid(72a23ede6d0b81c45ac38e59c77764ec) Importer(815301076,1909f56bfc062723c751e8b465ee728b)  -> (artifact id: '10f52ee881f51b8b3fe4d057a4e47d22') in 0.035796 seconds
  Import took 0.039027 seconds .

========================================================================
Received Prepare
Refreshing native plugins compatible for Editor in 1.44 ms, found 1 plugins.
Preloading 0 native plugins for Editor in 0.00 ms.
Unloading 10 Unused Serialized files (Serialized files now loaded: 0)
System memory in use before: 58.3 MB.
System memory in use after: 58.4 MB.

Unloading 10 unused Assets to reduce memory usage. Loaded Objects now: 2839.
Total: 1.944200 ms (FindLiveObjects: 0.183500 ms CreateObjectMapping: 0.090800 ms MarkObjects: 1.604600 ms  DeleteObjects: 0.064400 ms)

========================================================================
Received Prepare
Registering precompiled user dll's ...
Registered in 0.001153 seconds.
Begin MonoManager ReloadAssembly
Native extension for WindowsStandalone target not found
Refreshing native plugins compatible for Editor in 0.34 ms, found 1 plugins.
Preloading 0 native plugins for Editor in 0.00 ms.
Invoked RoslynAnalysisRunner static constructor.
RoslynAnalysisRunner will not be running.
RoslynAnalysisRunner has terminated.
Mono: successfully reloaded assembly
- Completed reload, in  0.693 seconds
Platform modules already initialized, skipping
Refreshing native plugins compatible for Editor in 0.36 ms, found 1 plugins.
Preloading 0 native plugins for Editor in 0.00 ms.
Unloading 2381 Unused Serialized files (Serialized files now loaded: 0)
System memory in use before: 105.6 MB.
System memory in use after: 105.7 MB.

Unloading 13 unused Assets to reduce memory usage. Loaded Objects now: 2843.
Total: 1.714400 ms (FindLiveObjects: 0.197100 ms CreateObjectMapping: 0.096400 ms MarkObjects: 1.353200 ms  DeleteObjects: 0.066800 ms)

========================================================================
Received Prepare
Registering precompiled user dll's ...
Registered in 0.001040 seconds.
Begin MonoManager ReloadAssembly
Native extension for WindowsStandalone target not found
Refreshing native plugins compatible for Editor in 0.34 ms, found 1 plugins.
Preloading 0 native plugins for Editor in 0.00 ms.
Invoked RoslynAnalysisRunner static constructor.
RoslynAnalysisRunner will not be running.
RoslynAnalysisRunner has terminated.
Mono: successfully reloaded assembly
- Completed reload, in  0.684 seconds
Platform modules already initialized, skipping
Refreshing native plugins compatible for Editor in 0.35 ms, found 1 plugins.
Preloading 0 native plugins for Editor in 0.00 ms.
Unloading 2381 Unused Serialized files (Serialized files now loaded: 0)
System memory in use before: 105.6 MB.
System memory in use after: 105.8 MB.

Unloading 13 unused Assets to reduce memory usage. Loaded Objects now: 2847.
Total: 1.721200 ms (FindLiveObjects: 0.202300 ms CreateObjectMapping: 0.103800 ms MarkObjects: 1.347500 ms  DeleteObjects: 0.067000 ms)

========================================================================
Received Prepare
Registering precompiled user dll's ...
Registered in 0.001133 seconds.
Begin MonoManager ReloadAssembly
Native extension for WindowsStandalone target not found
Refreshing native plugins compatible for Editor in 0.35 ms, found 1 plugins.
Preloading 0 native plugins for Editor in 0.00 ms.
Invoked RoslynAnalysisRunner static constructor.
RoslynAnalysisRunner will not be running.
RoslynAnalysisRunner has terminated.
Mono: successfully reloaded assembly
- Completed reload, in  0.695 seconds
Platform modules already initialized, skipping
Refreshing native plugins compatible for Editor in 0.35 ms, found 1 plugins.
Preloading 0 native plugins for Editor in 0.00 ms.
Unloading 2381 Unused Serialized files (Serialized files now loaded: 0)
System memory in use before: 105.6 MB.
System memory in use after: 105.8 MB.

Unloading 13 unused Assets to reduce memory usage. Loaded Objects now: 2851.
Total: 1.780200 ms (FindLiveObjects: 0.194700 ms CreateObjectMapping: 0.090800 ms MarkObjects: 1.426200 ms  DeleteObjects: 0.067600 ms)

========================================================================
Received Prepare
Registering precompiled user dll's ...
Registered in 0.001109 seconds.
Begin MonoManager ReloadAssembly
Native extension for WindowsStandalone target not found
Refreshing native plugins compatible for Editor in 0.57 ms, found 1 plugins.
Preloading 0 native plugins for Editor in 0.00 ms.
Invoked RoslynAnalysisRunner static constructor.
RoslynAnalysisRunner will not be running.
RoslynAnalysisRunner has terminated.
Mono: successfully reloaded assembly
- Completed reload, in  0.698 seconds
Platform modules already initialized, skipping
Refreshing native plugins compatible for Editor in 0.39 ms, found 1 plugins.
Preloading 0 native plugins for Editor in 0.00 ms.
Unloading 2381 Unused Serialized files (Serialized files now loaded: 0)
System memory in use before: 105.6 MB.
System memory in use after: 105.8 MB.

Unloading 13 unused Assets to reduce memory usage. Loaded Objects now: 2855.
Total: 1.884400 ms (FindLiveObjects: 0.226300 ms CreateObjectMapping: 0.123500 ms MarkObjects: 1.464400 ms  DeleteObjects: 0.068900 ms)

========================================================================
Received Prepare
Registering precompiled user dll's ...
Registered in 0.001041 seconds.
Begin MonoManager ReloadAssembly
Native extension for WindowsStandalone target not found
Refreshing native plugins compatible for Editor in 0.35 ms, found 1 plugins.
Preloading 0 native plugins for Editor in 0.00 ms.
Invoked RoslynAnalysisRunner static constructor.
RoslynAnalysisRunner will not be running.
RoslynAnalysisRunner has terminated.
Mono: successfully reloaded assembly
- Completed reload, in  0.703 seconds
Platform modules already initialized, skipping
Refreshing native plugins compatible for Editor in 0.34 ms, found 1 plugins.
Preloading 0 native plugins for Editor in 0.00 ms.
Unloading 2381 Unused Serialized files (Serialized files now loaded: 0)
System memory in use before: 105.6 MB.
System memory in use after: 105.7 MB.

Unloading 13 unused Assets to reduce memory usage. Loaded Objects now: 2859.
Total: 1.751400 ms (FindLiveObjects: 0.198400 ms CreateObjectMapping: 0.095200 ms MarkObjects: 1.388200 ms  DeleteObjects: 0.069000 ms)

========================================================================
Received Prepare
Registering precompiled user dll's ...
Registered in 0.001072 seconds.
Begin MonoManager ReloadAssembly
Native extension for WindowsStandalone target not found
Refreshing native plugins compatible for Editor in 0.36 ms, found 1 plugins.
Preloading 0 native plugins for Editor in 0.00 ms.
Invoked RoslynAnalysisRunner static constructor.
RoslynAnalysisRunner will not be running.
RoslynAnalysisRunner has terminated.
Mono: successfully reloaded assembly
- Completed reload, in  0.716 seconds
Platform modules already initialized, skipping
Refreshing native plugins compatible for Editor in 0.35 ms, found 1 plugins.
Preloading 0 native plugins for Editor in 0.00 ms.
Unloading 2381 Unused Serialized files (Serialized files now loaded: 0)
System memory in use before: 105.7 MB.
System memory in use after: 105.8 MB.

Unloading 13 unused Assets to reduce memory usage. Loaded Objects now: 2863.
Total: 1.890700 ms (FindLiveObjects: 0.223300 ms CreateObjectMapping: 0.122900 ms MarkObjects: 1.472300 ms  DeleteObjects: 0.071400 ms)

========================================================================
Received Prepare
Registering precompiled user dll's ...
Registered in 0.000973 seconds.
Begin MonoManager ReloadAssembly
Native extension for WindowsStandalone target not found
Refreshing native plugins compatible for Editor in 0.49 ms, found 1 plugins.
Preloading 0 native plugins for Editor in 0.00 ms.
Invoked RoslynAnalysisRunner static constructor.
RoslynAnalysisRunner will not be running.
RoslynAnalysisRunner has terminated.
Mono: successfully reloaded assembly
- Completed reload, in  0.721 seconds
Platform modules already initialized, skipping
Refreshing native plugins compatible for Editor in 0.35 ms, found 1 plugins.
Preloading 0 native plugins for Editor in 0.00 ms.
Unloading 2381 Unused Serialized files (Serialized files now loaded: 0)
System memory in use before: 105.7 MB.
System memory in use after: 105.8 MB.

Unloading 13 unused Assets to reduce memory usage. Loaded Objects now: 2867.
Total: 1.712300 ms (FindLiveObjects: 0.204400 ms CreateObjectMapping: 0.091800 ms MarkObjects: 1.349300 ms  DeleteObjects: 0.066200 ms)

========================================================================
Received Import Request.
  Time since last request: 593.272725 seconds.
  path: Assets/Prefabs/Rooms/B Room.prefab
  artifactKey: Guid(7b8902ee7f3c7cb4a9d4e3d0067eb985) Importer(815301076,1909f56bfc062723c751e8b465ee728b)
Start importing Assets/Prefabs/Rooms/B Room.prefab using Guid(7b8902ee7f3c7cb4a9d4e3d0067eb985) Importer(815301076,1909f56bfc062723c751e8b465ee728b)  -> (artifact id: '66b34fa5a3f62545c0ed31fbdc745a44') in 0.021237 seconds
  Import took 0.024073 seconds .

========================================================================
Received Import Request.
  Time since last request: 0.137054 seconds.
  path: Assets/Prefabs/Rooms/B Room.prefab
  artifactKey: Guid(7b8902ee7f3c7cb4a9d4e3d0067eb985) Importer(815301076,1909f56bfc062723c751e8b465ee728b)
Start importing Assets/Prefabs/Rooms/B Room.prefab using Guid(7b8902ee7f3c7cb4a9d4e3d0067eb985) Importer(815301076,1909f56bfc062723c751e8b465ee728b)  -> (artifact id: '66b34fa5a3f62545c0ed31fbdc745a44') in 0.003560 seconds
  Import took 0.006391 seconds .

========================================================================
Received Import Request.
  Time since last request: 5.183371 seconds.
  path: Assets/Prefabs/Rooms/B Room 1.prefab
  artifactKey: Guid(822e656f65468cf4d9e54e86abc2219f) Importer(815301076,1909f56bfc062723c751e8b465ee728b)
Start importing Assets/Prefabs/Rooms/B Room 1.prefab using Guid(822e656f65468cf4d9e54e86abc2219f) Importer(815301076,1909f56bfc062723c751e8b465ee728b)  -> (artifact id: '44c1937ff980c6dd7a238076a8c7bc4a') in 0.006633 seconds
  Import took 0.009531 seconds .

========================================================================
Received Import Request.
  Time since last request: 5.095496 seconds.
  path: Assets/Prefabs/Rooms/Closed Room.prefab
  artifactKey: Guid(822e656f65468cf4d9e54e86abc2219f) Importer(815301076,1909f56bfc062723c751e8b465ee728b)
Start importing Assets/Prefabs/Rooms/Closed Room.prefab using Guid(822e656f65468cf4d9e54e86abc2219f) Importer(815301076,1909f56bfc062723c751e8b465ee728b)  -> (artifact id: '84a9e45b58e1ce3485a91773cb746935') in 0.006920 seconds
  Import took 0.009781 seconds .

========================================================================
Received Prepare
Registering precompiled user dll's ...
Registered in 0.001108 seconds.
Begin MonoManager ReloadAssembly
Native extension for WindowsStandalone target not found
Refreshing native plugins compatible for Editor in 0.36 ms, found 1 plugins.
Preloading 0 native plugins for Editor in 0.00 ms.
Invoked RoslynAnalysisRunner static constructor.
RoslynAnalysisRunner will not be running.
RoslynAnalysisRunner has terminated.
Mono: successfully reloaded assembly
- Completed reload, in  0.728 seconds
Platform modules already initialized, skipping
Refreshing native plugins compatible for Editor in 0.35 ms, found 1 plugins.
Preloading 0 native plugins for Editor in 0.00 ms.
Unloading 2381 Unused Serialized files (Serialized files now loaded: 0)
System memory in use before: 105.8 MB.
System memory in use after: 105.9 MB.

Unloading 13 unused Assets to reduce memory usage. Loaded Objects now: 2871.
Total: 1.870500 ms (FindLiveObjects: 0.199200 ms CreateObjectMapping: 0.096100 ms MarkObjects: 1.493900 ms  DeleteObjects: 0.080600 ms)

========================================================================
Received Prepare
Registering precompiled user dll's ...
Registered in 0.000988 seconds.
Begin MonoManager ReloadAssembly
Native extension for WindowsStandalone target not found
Refreshing native plugins compatible for Editor in 0.34 ms, found 1 plugins.
Preloading 0 native plugins for Editor in 0.00 ms.
Invoked RoslynAnalysisRunner static constructor.
RoslynAnalysisRunner will not be running.
RoslynAnalysisRunner has terminated.
Mono: successfully reloaded assembly
- Completed reload, in  0.734 seconds
Platform modules already initialized, skipping
Refreshing native plugins compatible for Editor in 0.37 ms, found 1 plugins.
Preloading 0 native plugins for Editor in 0.00 ms.
Unloading 2381 Unused Serialized files (Serialized files now loaded: 0)
System memory in use before: 105.8 MB.
System memory in use after: 105.9 MB.

Unloading 13 unused Assets to reduce memory usage. Loaded Objects now: 2875.
Total: 1.842100 ms (FindLiveObjects: 0.211200 ms CreateObjectMapping: 0.119600 ms MarkObjects: 1.440500 ms  DeleteObjects: 0.070000 ms)

========================================================================
Received Prepare
Registering precompiled user dll's ...
Registered in 0.001007 seconds.
Begin MonoManager ReloadAssembly
Native extension for WindowsStandalone target not found
Refreshing native plugins compatible for Editor in 0.58 ms, found 1 plugins.
Preloading 0 native plugins for Editor in 0.00 ms.
Invoked RoslynAnalysisRunner static constructor.
RoslynAnalysisRunner will not be running.
RoslynAnalysisRunner has terminated.
Mono: successfully reloaded assembly
- Completed reload, in  0.826 seconds
Platform modules already initialized, skipping
Refreshing native plugins compatible for Editor in 0.37 ms, found 1 plugins.
Preloading 0 native plugins for Editor in 0.00 ms.
Unloading 2381 Unused Serialized files (Serialized files now loaded: 0)
System memory in use before: 105.7 MB.
System memory in use after: 105.8 MB.

Unloading 13 unused Assets to reduce memory usage. Loaded Objects now: 2879.
Total: 2.074400 ms (FindLiveObjects: 0.253200 ms CreateObjectMapping: 0.135800 ms MarkObjects: 1.614900 ms  DeleteObjects: 0.069600 ms)

========================================================================
Received Import Request.
  Time since last request: 224.733538 seconds.
  path: Assets/Prefabs/Rooms/Closed Room.prefab
  artifactKey: Guid(822e656f65468cf4d9e54e86abc2219f) Importer(815301076,1909f56bfc062723c751e8b465ee728b)
Start importing Assets/Prefabs/Rooms/Closed Room.prefab using Guid(822e656f65468cf4d9e54e86abc2219f) Importer(815301076,1909f56bfc062723c751e8b465ee728b)  -> (artifact id: '04b3f9a8126e7f8f59503d13ffc4ac0f') in 0.020755 seconds
  Import took 0.023620 seconds .

========================================================================
Received Import Request.
  Time since last request: 9.106103 seconds.
  path: Assets/Prefabs/Rooms/B Room 1.prefab
  artifactKey: Guid(822e656f65468cf4d9e54e86abc2219f) Importer(815301076,1909f56bfc062723c751e8b465ee728b)
Start importing Assets/Prefabs/Rooms/B Room 1.prefab using Guid(822e656f65468cf4d9e54e86abc2219f) Importer(815301076,1909f56bfc062723c751e8b465ee728b)  -> (artifact id: 'bfbff41498973e1ab2aa62210b510449') in 0.003593 seconds
  Import took 0.007341 seconds .

========================================================================
Received Import Request.
  Time since last request: 0.003948 seconds.
  path: Assets/Prefabs/Rooms/B Room 1.prefab
  artifactKey: Guid(822e656f65468cf4d9e54e86abc2219f) Importer(815301076,1909f56bfc062723c751e8b465ee728b)
Start importing Assets/Prefabs/Rooms/B Room 1.prefab using Guid(822e656f65468cf4d9e54e86abc2219f) Importer(815301076,1909f56bfc062723c751e8b465ee728b)  -> (artifact id: 'bfbff41498973e1ab2aa62210b510449') in 0.003485 seconds
  Import took 0.006307 seconds .

========================================================================
Received Import Request.
  Time since last request: 79.827099 seconds.
  path: Assets/Prefabs/Rooms/B Room 1.prefab
  artifactKey: Guid(b1988c952c65c2d4e8227c72d42932cc) Importer(815301076,1909f56bfc062723c751e8b465ee728b)
Start importing Assets/Prefabs/Rooms/B Room 1.prefab using Guid(b1988c952c65c2d4e8227c72d42932cc) Importer(815301076,1909f56bfc062723c751e8b465ee728b)  -> (artifact id: '0dee07a89b9392a228a3e32372efd4d4') in 0.002967 seconds
  Import took 0.005814 seconds .

========================================================================
Received Import Request.
  Time since last request: 49.051975 seconds.
  path: Assets/Prefabs/Rooms/B Room 1.prefab
  artifactKey: Guid(b1988c952c65c2d4e8227c72d42932cc) Importer(815301076,1909f56bfc062723c751e8b465ee728b)
Start importing Assets/Prefabs/Rooms/B Room 1.prefab using Guid(b1988c952c65c2d4e8227c72d42932cc) Importer(815301076,1909f56bfc062723c751e8b465ee728b)  -> (artifact id: '2449f8a32c73aa8898bb9b08ef473c33') in 0.002741 seconds
  Import took 0.005593 seconds .

========================================================================
Received Import Request.
  Time since last request: 4.626417 seconds.
  path: Assets/Prefabs/Rooms/Closed Room.prefab
  artifactKey: Guid(b1988c952c65c2d4e8227c72d42932cc) Importer(815301076,1909f56bfc062723c751e8b465ee728b)
Start importing Assets/Prefabs/Rooms/Closed Room.prefab using Guid(b1988c952c65c2d4e8227c72d42932cc) Importer(815301076,1909f56bfc062723c751e8b465ee728b)  -> (artifact id: '7461e12f3f05d53389daf339ae12496f') in 0.003464 seconds
  Import took 0.006327 seconds .

========================================================================
Received Prepare
Registering precompiled user dll's ...
Registered in 0.001059 seconds.
Begin MonoManager ReloadAssembly
Native extension for WindowsStandalone target not found
Refreshing native plugins compatible for Editor in 0.34 ms, found 1 plugins.
Preloading 0 native plugins for Editor in 0.00 ms.
Invoked RoslynAnalysisRunner static constructor.
RoslynAnalysisRunner will not be running.
RoslynAnalysisRunner has terminated.
Mono: successfully reloaded assembly
- Completed reload, in  0.702 seconds
Platform modules already initialized, skipping
Refreshing native plugins compatible for Editor in 0.39 ms, found 1 plugins.
Preloading 0 native plugins for Editor in 0.00 ms.
Unloading 2381 Unused Serialized files (Serialized files now loaded: 0)
System memory in use before: 105.8 MB.
System memory in use after: 105.9 MB.

Unloading 13 unused Assets to reduce memory usage. Loaded Objects now: 2883.
Total: 1.773400 ms (FindLiveObjects: 0.223700 ms CreateObjectMapping: 0.093100 ms MarkObjects: 1.385800 ms  DeleteObjects: 0.069900 ms)

========================================================================
Received Import Request.
  Time since last request: 239.484963 seconds.
  path: Assets/Scripts/Destroyer.cs
  artifactKey: Guid(48b931cf3f605c344961d5d6f66d81e6) Importer(815301076,1909f56bfc062723c751e8b465ee728b)
Start importing Assets/Scripts/Destroyer.cs using Guid(48b931cf3f605c344961d5d6f66d81e6) Importer(815301076,1909f56bfc062723c751e8b465ee728b)  -> (artifact id: 'dcd255af4738f54b5686306316a516e2') in 0.008505 seconds
  Import took 0.011381 seconds .

========================================================================
Received Prepare
Registering precompiled user dll's ...
Registered in 0.001108 seconds.
Begin MonoManager ReloadAssembly
Native extension for WindowsStandalone target not found
Refreshing native plugins compatible for Editor in 0.33 ms, found 1 plugins.
Preloading 0 native plugins for Editor in 0.00 ms.
Invoked RoslynAnalysisRunner static constructor.
RoslynAnalysisRunner will not be running.
RoslynAnalysisRunner has terminated.
Mono: successfully reloaded assembly
- Completed reload, in  0.716 seconds
Platform modules already initialized, skipping
Refreshing native plugins compatible for Editor in 0.34 ms, found 1 plugins.
Preloading 0 native plugins for Editor in 0.00 ms.
Unloading 2382 Unused Serialized files (Serialized files now loaded: 0)
System memory in use before: 105.8 MB.
System memory in use after: 106.0 MB.

Unloading 13 unused Assets to reduce memory usage. Loaded Objects now: 2888.
Total: 1.762200 ms (FindLiveObjects: 0.221400 ms CreateObjectMapping: 0.103100 ms MarkObjects: 1.369500 ms  DeleteObjects: 0.067500 ms)

========================================================================
Received Prepare
Registering precompiled user dll's ...
Registered in 0.001059 seconds.
Begin MonoManager ReloadAssembly
Native extension for WindowsStandalone target not found
Refreshing native plugins compatible for Editor in 0.57 ms, found 1 plugins.
Preloading 0 native plugins for Editor in 0.00 ms.
Invoked RoslynAnalysisRunner static constructor.
RoslynAnalysisRunner will not be running.
RoslynAnalysisRunner has terminated.
Mono: successfully reloaded assembly
- Completed reload, in  0.780 seconds
Platform modules already initialized, skipping
Refreshing native plugins compatible for Editor in 0.35 ms, found 1 plugins.
Preloading 0 native plugins for Editor in 0.00 ms.
Unloading 2382 Unused Serialized files (Serialized files now loaded: 0)
System memory in use before: 105.8 MB.
System memory in use after: 106.0 MB.

Unloading 13 unused Assets to reduce memory usage. Loaded Objects now: 2892.
Total: 1.800800 ms (FindLiveObjects: 0.196100 ms CreateObjectMapping: 0.092900 ms MarkObjects: 1.440400 ms  DeleteObjects: 0.070700 ms)

========================================================================
Received Prepare
Registering precompiled user dll's ...
Registered in 0.001019 seconds.
Begin MonoManager ReloadAssembly
Native extension for WindowsStandalone target not found
Refreshing native plugins compatible for Editor in 0.34 ms, found 1 plugins.
Preloading 0 native plugins for Editor in 0.00 ms.
Invoked RoslynAnalysisRunner static constructor.
RoslynAnalysisRunner will not be running.
RoslynAnalysisRunner has terminated.
Mono: successfully reloaded assembly
- Completed reload, in  0.711 seconds
Platform modules already initialized, skipping
Refreshing native plugins compatible for Editor in 0.36 ms, found 1 plugins.
Preloading 0 native plugins for Editor in 0.00 ms.
Unloading 2382 Unused Serialized files (Serialized files now loaded: 0)
System memory in use before: 105.9 MB.
System memory in use after: 106.0 MB.

Unloading 13 unused Assets to reduce memory usage. Loaded Objects now: 2896.
Total: 1.753700 ms (FindLiveObjects: 0.202400 ms CreateObjectMapping: 0.099400 ms MarkObjects: 1.382000 ms  DeleteObjects: 0.069300 ms)

========================================================================
Received Prepare
Registering precompiled user dll's ...
Registered in 0.001384 seconds.
Begin MonoManager ReloadAssembly
Native extension for WindowsStandalone target not found
Refreshing native plugins compatible for Editor in 0.39 ms, found 1 plugins.
Preloading 0 native plugins for Editor in 0.00 ms.
Invoked RoslynAnalysisRunner static constructor.
RoslynAnalysisRunner will not be running.
RoslynAnalysisRunner has terminated.
Mono: successfully reloaded assembly
- Completed reload, in  0.735 seconds
Platform modules already initialized, skipping
Refreshing native plugins compatible for Editor in 0.35 ms, found 1 plugins.
Preloading 0 native plugins for Editor in 0.00 ms.
Unloading 2382 Unused Serialized files (Serialized files now loaded: 0)
System memory in use before: 105.8 MB.
System memory in use after: 105.9 MB.

Unloading 13 unused Assets to reduce memory usage. Loaded Objects now: 2900.
Total: 1.727400 ms (FindLiveObjects: 0.201300 ms CreateObjectMapping: 0.097200 ms MarkObjects: 1.363200 ms  DeleteObjects: 0.065000 ms)

========================================================================
Received Prepare
Registering precompiled user dll's ...
Registered in 0.001057 seconds.
Begin MonoManager ReloadAssembly
Native extension for WindowsStandalone target not found
Refreshing native plugins compatible for Editor in 0.53 ms, found 1 plugins.
Preloading 0 native plugins for Editor in 0.00 ms.
Invoked RoslynAnalysisRunner static constructor.
RoslynAnalysisRunner will not be running.
RoslynAnalysisRunner has terminated.
Mono: successfully reloaded assembly
- Completed reload, in  0.707 seconds
Platform modules already initialized, skipping
Refreshing native plugins compatible for Editor in 0.36 ms, found 1 plugins.
Preloading 0 native plugins for Editor in 0.00 ms.
Unloading 2382 Unused Serialized files (Serialized files now loaded: 0)
System memory in use before: 105.9 MB.
System memory in use after: 106.0 MB.

Unloading 13 unused Assets to reduce memory usage. Loaded Objects now: 2904.
Total: 1.814500 ms (FindLiveObjects: 0.227300 ms CreateObjectMapping: 0.105900 ms MarkObjects: 1.409600 ms  DeleteObjects: 0.071000 ms)

========================================================================
Received Prepare
Registering precompiled user dll's ...
Registered in 0.001056 seconds.
Begin MonoManager ReloadAssembly
Native extension for WindowsStandalone target not found
Refreshing native plugins compatible for Editor in 0.35 ms, found 1 plugins.
Preloading 0 native plugins for Editor in 0.00 ms.
Invoked RoslynAnalysisRunner static constructor.
RoslynAnalysisRunner will not be running.
RoslynAnalysisRunner has terminated.
Mono: successfully reloaded assembly
- Completed reload, in  0.729 seconds
Platform modules already initialized, skipping
Refreshing native plugins compatible for Editor in 0.36 ms, found 1 plugins.
Preloading 0 native plugins for Editor in 0.00 ms.
Unloading 2382 Unused Serialized files (Serialized files now loaded: 0)
System memory in use before: 105.9 MB.
System memory in use after: 106.0 MB.

Unloading 13 unused Assets to reduce memory usage. Loaded Objects now: 2908.
Total: 1.960000 ms (FindLiveObjects: 0.237800 ms CreateObjectMapping: 0.110800 ms MarkObjects: 1.532800 ms  DeleteObjects: 0.077700 ms)

========================================================================
Received Prepare
Registering precompiled user dll's ...
Registered in 0.001059 seconds.
Begin MonoManager ReloadAssembly
Native extension for WindowsStandalone target not found
Refreshing native plugins compatible for Editor in 0.34 ms, found 1 plugins.
Preloading 0 native plugins for Editor in 0.00 ms.
Invoked RoslynAnalysisRunner static constructor.
RoslynAnalysisRunner will not be running.
RoslynAnalysisRunner has terminated.
Mono: successfully reloaded assembly
- Completed reload, in  0.724 seconds
Platform modules already initialized, skipping
Refreshing native plugins compatible for Editor in 0.35 ms, found 1 plugins.
Preloading 0 native plugins for Editor in 0.00 ms.
Unloading 2382 Unused Serialized files (Serialized files now loaded: 0)
System memory in use before: 105.9 MB.
System memory in use after: 106.0 MB.

Unloading 13 unused Assets to reduce memory usage. Loaded Objects now: 2912.
Total: 1.750700 ms (FindLiveObjects: 0.189500 ms CreateObjectMapping: 0.082800 ms MarkObjects: 1.406400 ms  DeleteObjects: 0.071500 ms)

========================================================================
Received Prepare
Registering precompiled user dll's ...
Registered in 0.001089 seconds.
Begin MonoManager ReloadAssembly
Native extension for WindowsStandalone target not found
Refreshing native plugins compatible for Editor in 0.34 ms, found 1 plugins.
Preloading 0 native plugins for Editor in 0.00 ms.
Invoked RoslynAnalysisRunner static constructor.
RoslynAnalysisRunner will not be running.
RoslynAnalysisRunner has terminated.
Mono: successfully reloaded assembly
- Completed reload, in  0.692 seconds
Platform modules already initialized, skipping
Refreshing native plugins compatible for Editor in 0.35 ms, found 1 plugins.
Preloading 0 native plugins for Editor in 0.00 ms.
Unloading 2382 Unused Serialized files (Serialized files now loaded: 0)
System memory in use before: 105.9 MB.
System memory in use after: 106.0 MB.

Unloading 13 unused Assets to reduce memory usage. Loaded Objects now: 2916.
Total: 2.099900 ms (FindLiveObjects: 0.207000 ms CreateObjectMapping: 0.098100 ms MarkObjects: 1.724500 ms  DeleteObjects: 0.069700 ms)

========================================================================
Received Prepare
Registering precompiled user dll's ...
Registered in 0.001090 seconds.
Begin MonoManager ReloadAssembly
Native extension for WindowsStandalone target not found
Refreshing native plugins compatible for Editor in 0.42 ms, found 1 plugins.
Preloading 0 native plugins for Editor in 0.00 ms.
Invoked RoslynAnalysisRunner static constructor.
RoslynAnalysisRunner will not be running.
RoslynAnalysisRunner has terminated.
Mono: successfully reloaded assembly
- Completed reload, in  0.796 seconds
Platform modules already initialized, skipping
Refreshing native plugins compatible for Editor in 0.38 ms, found 1 plugins.
Preloading 0 native plugins for Editor in 0.00 ms.
Unloading 2382 Unused Serialized files (Serialized files now loaded: 0)
System memory in use before: 105.8 MB.
System memory in use after: 106.0 MB.

Unloading 13 unused Assets to reduce memory usage. Loaded Objects now: 2920.
Total: 1.805100 ms (FindLiveObjects: 0.211800 ms CreateObjectMapping: 0.094900 ms MarkObjects: 1.428400 ms  DeleteObjects: 0.069400 ms)

========================================================================
Received Prepare
Registering precompiled user dll's ...
Registered in 0.001029 seconds.
Begin MonoManager ReloadAssembly
Native extension for WindowsStandalone target not found
Refreshing native plugins compatible for Editor in 0.37 ms, found 1 plugins.
Preloading 0 native plugins for Editor in 0.00 ms.
Invoked RoslynAnalysisRunner static constructor.
RoslynAnalysisRunner will not be running.
RoslynAnalysisRunner has terminated.
Mono: successfully reloaded assembly
- Completed reload, in  0.723 seconds
Platform modules already initialized, skipping
Refreshing native plugins compatible for Editor in 0.35 ms, found 1 plugins.
Preloading 0 native plugins for Editor in 0.00 ms.
Unloading 2382 Unused Serialized files (Serialized files now loaded: 0)
System memory in use before: 105.9 MB.
System memory in use after: 106.1 MB.

Unloading 13 unused Assets to reduce memory usage. Loaded Objects now: 2924.
Total: 1.788800 ms (FindLiveObjects: 0.225100 ms CreateObjectMapping: 0.107100 ms MarkObjects: 1.389900 ms  DeleteObjects: 0.065800 ms)

========================================================================
Received Prepare
Registering precompiled user dll's ...
Registered in 0.000986 seconds.
Begin MonoManager ReloadAssembly
Native extension for WindowsStandalone target not found
Refreshing native plugins compatible for Editor in 0.57 ms, found 1 plugins.
Preloading 0 native plugins for Editor in 0.00 ms.
Invoked RoslynAnalysisRunner static constructor.
RoslynAnalysisRunner will not be running.
RoslynAnalysisRunner has terminated.
Mono: successfully reloaded assembly
- Completed reload, in  0.706 seconds
Platform modules already initialized, skipping
Refreshing native plugins compatible for Editor in 0.37 ms, found 1 plugins.
Preloading 0 native plugins for Editor in 0.00 ms.
Unloading 2382 Unused Serialized files (Serialized files now loaded: 0)
System memory in use before: 105.9 MB.
System memory in use after: 106.1 MB.

Unloading 13 unused Assets to reduce memory usage. Loaded Objects now: 2928.
Total: 1.774000 ms (FindLiveObjects: 0.215500 ms CreateObjectMapping: 0.097900 ms MarkObjects: 1.388400 ms  DeleteObjects: 0.071500 ms)

========================================================================
Received Prepare
Registering precompiled user dll's ...
Registered in 0.001094 seconds.
Begin MonoManager ReloadAssembly
Native extension for WindowsStandalone target not found
Refreshing native plugins compatible for Editor in 0.34 ms, found 1 plugins.
Preloading 0 native plugins for Editor in 0.00 ms.
Invoked RoslynAnalysisRunner static constructor.
RoslynAnalysisRunner will not be running.
RoslynAnalysisRunner has terminated.
Mono: successfully reloaded assembly
- Completed reload, in  0.761 seconds
Platform modules already initialized, skipping
Refreshing native plugins compatible for Editor in 0.34 ms, found 1 plugins.
Preloading 0 native plugins for Editor in 0.00 ms.
Unloading 2382 Unused Serialized files (Serialized files now loaded: 0)
System memory in use before: 106.0 MB.
System memory in use after: 106.1 MB.

Unloading 13 unused Assets to reduce memory usage. Loaded Objects now: 2932.
Total: 1.751700 ms (FindLiveObjects: 0.206900 ms CreateObjectMapping: 0.095100 ms MarkObjects: 1.378200 ms  DeleteObjects: 0.070900 ms)

========================================================================
Received Prepare
Registering precompiled user dll's ...
Registered in 0.001063 seconds.
Begin MonoManager ReloadAssembly
Native extension for WindowsStandalone target not found
Refreshing native plugins compatible for Editor in 0.38 ms, found 1 plugins.
Preloading 0 native plugins for Editor in 0.00 ms.
Invoked RoslynAnalysisRunner static constructor.
RoslynAnalysisRunner will not be running.
RoslynAnalysisRunner has terminated.
Mono: successfully reloaded assembly
- Completed reload, in  0.721 seconds
Platform modules already initialized, skipping
Refreshing native plugins compatible for Editor in 0.34 ms, found 1 plugins.
Preloading 0 native plugins for Editor in 0.00 ms.
Unloading 2382 Unused Serialized files (Serialized files now loaded: 0)
System memory in use before: 106.0 MB.
System memory in use after: 106.1 MB.

Unloading 13 unused Assets to reduce memory usage. Loaded Objects now: 2936.
Total: 1.744900 ms (FindLiveObjects: 0.193200 ms CreateObjectMapping: 0.086200 ms MarkObjects: 1.395200 ms  DeleteObjects: 0.069600 ms)

========================================================================
Received Prepare
Registering precompiled user dll's ...
Registered in 0.001148 seconds.
Begin MonoManager ReloadAssembly
Native extension for WindowsStandalone target not found
Refreshing native plugins compatible for Editor in 0.36 ms, found 1 plugins.
Preloading 0 native plugins for Editor in 0.00 ms.
Invoked RoslynAnalysisRunner static constructor.
RoslynAnalysisRunner will not be running.
RoslynAnalysisRunner has terminated.
Mono: successfully reloaded assembly
- Completed reload, in  0.681 seconds
Platform modules already initialized, skipping
Refreshing native plugins compatible for Editor in 0.36 ms, found 1 plugins.
Preloading 0 native plugins for Editor in 0.00 ms.
Unloading 2382 Unused Serialized files (Serialized files now loaded: 0)
System memory in use before: 105.9 MB.
System memory in use after: 106.0 MB.

Unloading 13 unused Assets to reduce memory usage. Loaded Objects now: 2940.
Total: 1.907300 ms (FindLiveObjects: 0.209800 ms CreateObjectMapping: 0.097100 ms MarkObjects: 1.514100 ms  DeleteObjects: 0.085200 ms)

========================================================================
Received Prepare
Registering precompiled user dll's ...
Registered in 0.001083 seconds.
Begin MonoManager ReloadAssembly
Native extension for WindowsStandalone target not found
Refreshing native plugins compatible for Editor in 0.34 ms, found 1 plugins.
Preloading 0 native plugins for Editor in 0.00 ms.
Invoked RoslynAnalysisRunner static constructor.
RoslynAnalysisRunner will not be running.
RoslynAnalysisRunner has terminated.
Mono: successfully reloaded assembly
- Completed reload, in  0.696 seconds
Platform modules already initialized, skipping
Refreshing native plugins compatible for Editor in 0.36 ms, found 1 plugins.
Preloading 0 native plugins for Editor in 0.00 ms.
Unloading 2382 Unused Serialized files (Serialized files now loaded: 0)
System memory in use before: 106.0 MB.
System memory in use after: 106.1 MB.

Unloading 13 unused Assets to reduce memory usage. Loaded Objects now: 2944.
Total: 1.725900 ms (FindLiveObjects: 0.191500 ms CreateObjectMapping: 0.088200 ms MarkObjects: 1.376100 ms  DeleteObjects: 0.069400 ms)

========================================================================
Received Prepare
Registering precompiled user dll's ...
Registered in 0.001053 seconds.
Begin MonoManager ReloadAssembly
Native extension for WindowsStandalone target not found
Refreshing native plugins compatible for Editor in 0.35 ms, found 1 plugins.
Preloading 0 native plugins for Editor in 0.00 ms.
Invoked RoslynAnalysisRunner static constructor.
RoslynAnalysisRunner will not be running.
RoslynAnalysisRunner has terminated.
Mono: successfully reloaded assembly
- Completed reload, in  0.696 seconds
Platform modules already initialized, skipping
Refreshing native plugins compatible for Editor in 0.37 ms, found 1 plugins.
Preloading 0 native plugins for Editor in 0.00 ms.
Unloading 2382 Unused Serialized files (Serialized files now loaded: 0)
System memory in use before: 106.0 MB.
System memory in use after: 106.1 MB.

Unloading 13 unused Assets to reduce memory usage. Loaded Objects now: 2948.
Total: 1.874000 ms (FindLiveObjects: 0.228700 ms CreateObjectMapping: 0.106100 ms MarkObjects: 1.458900 ms  DeleteObjects: 0.078900 ms)

========================================================================
Received Prepare
Registering precompiled user dll's ...
Registered in 0.001078 seconds.
Begin MonoManager ReloadAssembly
Native extension for WindowsStandalone target not found
Refreshing native plugins compatible for Editor in 0.35 ms, found 1 plugins.
Preloading 0 native plugins for Editor in 0.00 ms.
Invoked RoslynAnalysisRunner static constructor.
RoslynAnalysisRunner will not be running.
RoslynAnalysisRunner has terminated.
Mono: successfully reloaded assembly
- Completed reload, in  0.726 seconds
Platform modules already initialized, skipping
Refreshing native plugins compatible for Editor in 0.34 ms, found 1 plugins.
Preloading 0 native plugins for Editor in 0.00 ms.
Unloading 2382 Unused Serialized files (Serialized files now loaded: 0)
System memory in use before: 106.0 MB.
System memory in use after: 106.1 MB.

Unloading 13 unused Assets to reduce memory usage. Loaded Objects now: 2952.
Total: 1.716900 ms (FindLiveObjects: 0.197100 ms CreateObjectMapping: 0.087400 ms MarkObjects: 1.360800 ms  DeleteObjects: 0.070400 ms)

========================================================================
Received Prepare
Registering precompiled user dll's ...
Registered in 0.001090 seconds.
Begin MonoManager ReloadAssembly
Native extension for WindowsStandalone target not found
Refreshing native plugins compatible for Editor in 0.40 ms, found 1 plugins.
Preloading 0 native plugins for Editor in 0.00 ms.
Invoked RoslynAnalysisRunner static constructor.
RoslynAnalysisRunner will not be running.
RoslynAnalysisRunner has terminated.
Mono: successfully reloaded assembly
- Completed reload, in  0.847 seconds
Platform modules already initialized, skipping
Refreshing native plugins compatible for Editor in 0.41 ms, found 1 plugins.
Preloading 0 native plugins for Editor in 0.00 ms.
Unloading 2382 Unused Serialized files (Serialized files now loaded: 0)
System memory in use before: 106.0 MB.
System memory in use after: 106.2 MB.

Unloading 13 unused Assets to reduce memory usage. Loaded Objects now: 2956.
Total: 2.214700 ms (FindLiveObjects: 0.255300 ms CreateObjectMapping: 0.111100 ms MarkObjects: 1.764100 ms  DeleteObjects: 0.083400 ms)

========================================================================
Received Prepare
Registering precompiled user dll's ...
Registered in 0.001080 seconds.
Begin MonoManager ReloadAssembly
Native extension for WindowsStandalone target not found
Refreshing native plugins compatible for Editor in 0.37 ms, found 1 plugins.
Preloading 0 native plugins for Editor in 0.00 ms.
Invoked RoslynAnalysisRunner static constructor.
RoslynAnalysisRunner will not be running.
RoslynAnalysisRunner has terminated.
Mono: successfully reloaded assembly
- Completed reload, in  0.748 seconds
Platform modules already initialized, skipping
Refreshing native plugins compatible for Editor in 0.37 ms, found 1 plugins.
Preloading 0 native plugins for Editor in 0.00 ms.
Unloading 2382 Unused Serialized files (Serialized files now loaded: 0)
System memory in use before: 105.9 MB.
System memory in use after: 106.1 MB.

Unloading 13 unused Assets to reduce memory usage. Loaded Objects now: 2960.
Total: 1.717100 ms (FindLiveObjects: 0.195000 ms CreateObjectMapping: 0.083600 ms MarkObjects: 1.371500 ms  DeleteObjects: 0.066300 ms)

========================================================================
Received Prepare
Registering precompiled user dll's ...
Registered in 0.001093 seconds.
Begin MonoManager ReloadAssembly
Native extension for WindowsStandalone target not found
Refreshing native plugins compatible for Editor in 0.34 ms, found 1 plugins.
Preloading 0 native plugins for Editor in 0.00 ms.
Invoked RoslynAnalysisRunner static constructor.
RoslynAnalysisRunner will not be running.
RoslynAnalysisRunner has terminated.
Mono: successfully reloaded assembly
- Completed reload, in  0.721 seconds
Platform modules already initialized, skipping
Refreshing native plugins compatible for Editor in 0.36 ms, found 1 plugins.
Preloading 0 native plugins for Editor in 0.00 ms.
Unloading 2382 Unused Serialized files (Serialized files now loaded: 0)
System memory in use before: 106.0 MB.
System memory in use after: 106.2 MB.

Unloading 13 unused Assets to reduce memory usage. Loaded Objects now: 2964.
Total: 1.903100 ms (FindLiveObjects: 0.241400 ms CreateObjectMapping: 0.113100 ms MarkObjects: 1.477600 ms  DeleteObjects: 0.070300 ms)

========================================================================
Received Prepare
Registering precompiled user dll's ...
Registered in 0.001024 seconds.
Begin MonoManager ReloadAssembly
Native extension for WindowsStandalone target not found
Refreshing native plugins compatible for Editor in 0.34 ms, found 1 plugins.
Preloading 0 native plugins for Editor in 0.00 ms.
Invoked RoslynAnalysisRunner static constructor.
RoslynAnalysisRunner will not be running.
RoslynAnalysisRunner has terminated.
Mono: successfully reloaded assembly
- Completed reload, in  0.698 seconds
Platform modules already initialized, skipping
Refreshing native plugins compatible for Editor in 0.35 ms, found 1 plugins.
Preloading 0 native plugins for Editor in 0.00 ms.
Unloading 2382 Unused Serialized files (Serialized files now loaded: 0)
System memory in use before: 106.0 MB.
System memory in use after: 106.2 MB.

Unloading 13 unused Assets to reduce memory usage. Loaded Objects now: 2968.
Total: 1.772600 ms (FindLiveObjects: 0.207400 ms CreateObjectMapping: 0.093100 ms MarkObjects: 1.398500 ms  DeleteObjects: 0.072700 ms)

========================================================================
Received Prepare
Registering precompiled user dll's ...
Registered in 0.001029 seconds.
Begin MonoManager ReloadAssembly
Native extension for WindowsStandalone target not found
Refreshing native plugins compatible for Editor in 0.34 ms, found 1 plugins.
Preloading 0 native plugins for Editor in 0.00 ms.
Invoked RoslynAnalysisRunner static constructor.
RoslynAnalysisRunner will not be running.
RoslynAnalysisRunner has terminated.
Mono: successfully reloaded assembly
- Completed reload, in  0.680 seconds
Platform modules already initialized, skipping
Refreshing native plugins compatible for Editor in 0.37 ms, found 1 plugins.
Preloading 0 native plugins for Editor in 0.00 ms.
Unloading 2382 Unused Serialized files (Serialized files now loaded: 0)
System memory in use before: 106.1 MB.
System memory in use after: 106.2 MB.

Unloading 13 unused Assets to reduce memory usage. Loaded Objects now: 2972.
Total: 1.824300 ms (FindLiveObjects: 0.224800 ms CreateObjectMapping: 0.103200 ms MarkObjects: 1.429200 ms  DeleteObjects: 0.066400 ms)

========================================================================
Received Prepare
Registering precompiled user dll's ...
Registered in 0.001008 seconds.
Begin MonoManager ReloadAssembly
Native extension for WindowsStandalone target not found
Refreshing native plugins compatible for Editor in 0.51 ms, found 1 plugins.
Preloading 0 native plugins for Editor in 0.00 ms.
Invoked RoslynAnalysisRunner static constructor.
RoslynAnalysisRunner will not be running.
RoslynAnalysisRunner has terminated.
Mono: successfully reloaded assembly
- Completed reload, in  0.701 seconds
Platform modules already initialized, skipping
Refreshing native plugins compatible for Editor in 0.38 ms, found 1 plugins.
Preloading 0 native plugins for Editor in 0.00 ms.
Unloading 2382 Unused Serialized files (Serialized files now loaded: 0)
System memory in use before: 106.1 MB.
System memory in use after: 106.2 MB.

Unloading 13 unused Assets to reduce memory usage. Loaded Objects now: 2976.
Total: 1.955200 ms (FindLiveObjects: 0.251600 ms CreateObjectMapping: 0.111700 ms MarkObjects: 1.520600 ms  DeleteObjects: 0.070200 ms)

========================================================================
Received Prepare
Registering precompiled user dll's ...
Registered in 0.000996 seconds.
Begin MonoManager ReloadAssembly
Native extension for WindowsStandalone target not found
Refreshing native plugins compatible for Editor in 0.35 ms, found 1 plugins.
Preloading 0 native plugins for Editor in 0.00 ms.
Invoked RoslynAnalysisRunner static constructor.
RoslynAnalysisRunner will not be running.
RoslynAnalysisRunner has terminated.
Mono: successfully reloaded assembly
- Completed reload, in  0.729 seconds
Platform modules already initialized, skipping
Refreshing native plugins compatible for Editor in 0.35 ms, found 1 plugins.
Preloading 0 native plugins for Editor in 0.00 ms.
Unloading 2382 Unused Serialized files (Serialized files now loaded: 0)
System memory in use before: 106.0 MB.
System memory in use after: 106.1 MB.

Unloading 13 unused Assets to reduce memory usage. Loaded Objects now: 2980.
Total: 1.783000 ms (FindLiveObjects: 0.210500 ms CreateObjectMapping: 0.106800 ms MarkObjects: 1.395400 ms  DeleteObjects: 0.069500 ms)

========================================================================
Received Prepare
Registering precompiled user dll's ...
Registered in 0.001054 seconds.
Begin MonoManager ReloadAssembly
Native extension for WindowsStandalone target not found
Refreshing native plugins compatible for Editor in 0.57 ms, found 1 plugins.
Preloading 0 native plugins for Editor in 0.00 ms.
Invoked RoslynAnalysisRunner static constructor.
RoslynAnalysisRunner will not be running.
RoslynAnalysisRunner has terminated.
Mono: successfully reloaded assembly
- Completed reload, in  0.725 seconds
Platform modules already initialized, skipping
Refreshing native plugins compatible for Editor in 0.43 ms, found 1 plugins.
Preloading 0 native plugins for Editor in 0.00 ms.
Unloading 2382 Unused Serialized files (Serialized files now loaded: 0)
System memory in use before: 106.1 MB.
System memory in use after: 106.2 MB.

Unloading 13 unused Assets to reduce memory usage. Loaded Objects now: 2984.
Total: 1.720800 ms (FindLiveObjects: 0.207900 ms CreateObjectMapping: 0.093800 ms MarkObjects: 1.347800 ms  DeleteObjects: 0.070200 ms)

========================================================================
Received Import Request.
  Time since last request: 1767.152034 seconds.
  path: Assets/Scripts/AddRoom.cs
  artifactKey: Guid(fe206f24da0947749aec3ceb2109136a) Importer(815301076,1909f56bfc062723c751e8b465ee728b)
Start importing Assets/Scripts/AddRoom.cs using Guid(fe206f24da0947749aec3ceb2109136a) Importer(815301076,1909f56bfc062723c751e8b465ee728b)  -> (artifact id: '52d85b75e1ef6c41a6bc7fec85655dae') in 0.009260 seconds
  Import took 0.013114 seconds .

========================================================================
Received Prepare
Registering precompiled user dll's ...
Registered in 0.001150 seconds.
Begin MonoManager ReloadAssembly
Native extension for WindowsStandalone target not found
Refreshing native plugins compatible for Editor in 0.35 ms, found 1 plugins.
Preloading 0 native plugins for Editor in 0.00 ms.
Invoked RoslynAnalysisRunner static constructor.
RoslynAnalysisRunner will not be running.
RoslynAnalysisRunner has terminated.
Mono: successfully reloaded assembly
- Completed reload, in  0.751 seconds
Platform modules already initialized, skipping
Refreshing native plugins compatible for Editor in 0.35 ms, found 1 plugins.
Preloading 0 native plugins for Editor in 0.00 ms.
Unloading 2383 Unused Serialized files (Serialized files now loaded: 0)
System memory in use before: 106.1 MB.
System memory in use after: 106.3 MB.

Unloading 13 unused Assets to reduce memory usage. Loaded Objects now: 2989.
Total: 1.724300 ms (FindLiveObjects: 0.213100 ms CreateObjectMapping: 0.093900 ms MarkObjects: 1.350200 ms  DeleteObjects: 0.066300 ms)

========================================================================
Received Import Request.
  Time since last request: 17.934824 seconds.
  path: Assets/Prefabs/Rooms/TR Room.prefab
  artifactKey: Guid(93744321f33efb641b5a1857769dfb66) Importer(815301076,1909f56bfc062723c751e8b465ee728b)
Start importing Assets/Prefabs/Rooms/TR Room.prefab using Guid(93744321f33efb641b5a1857769dfb66) Importer(815301076,1909f56bfc062723c751e8b465ee728b)  -> (artifact id: 'f59998e58ca953ad72ae049c0e572aaf') in 0.019836 seconds
  Import took 0.022778 seconds .

========================================================================
Received Import Request.
  Time since last request: 5.594836 seconds.
  path: Assets/Prefabs/Rooms/TR Room.prefab
  artifactKey: Guid(93744321f33efb641b5a1857769dfb66) Importer(815301076,1909f56bfc062723c751e8b465ee728b)
Start importing Assets/Prefabs/Rooms/TR Room.prefab using Guid(93744321f33efb641b5a1857769dfb66) Importer(815301076,1909f56bfc062723c751e8b465ee728b)  -> (artifact id: '335d47577e7a1118ac88b2004af28834') in 0.003953 seconds
  Import took 0.006885 seconds .

========================================================================
Received Prepare
Registering precompiled user dll's ...
Registered in 0.001035 seconds.
Begin MonoManager ReloadAssembly
Native extension for WindowsStandalone target not found
Refreshing native plugins compatible for Editor in 0.34 ms, found 1 plugins.
Preloading 0 native plugins for Editor in 0.00 ms.
Invoked RoslynAnalysisRunner static constructor.
RoslynAnalysisRunner will not be running.
RoslynAnalysisRunner has terminated.
Mono: successfully reloaded assembly
- Completed reload, in  0.757 seconds
Platform modules already initialized, skipping
Refreshing native plugins compatible for Editor in 0.37 ms, found 1 plugins.
Preloading 0 native plugins for Editor in 0.00 ms.
Unloading 2383 Unused Serialized files (Serialized files now loaded: 0)
System memory in use before: 106.1 MB.
System memory in use after: 106.3 MB.

Unloading 13 unused Assets to reduce memory usage. Loaded Objects now: 2993.
Total: 2.212200 ms (FindLiveObjects: 0.379700 ms CreateObjectMapping: 0.189500 ms MarkObjects: 1.565700 ms  DeleteObjects: 0.076100 ms)

========================================================================
Received Prepare
Registering precompiled user dll's ...
Registered in 0.001733 seconds.
Begin MonoManager ReloadAssembly
Native extension for WindowsStandalone target not found
Refreshing native plugins compatible for Editor in 0.37 ms, found 1 plugins.
Preloading 0 native plugins for Editor in 0.00 ms.
Invoked RoslynAnalysisRunner static constructor.
RoslynAnalysisRunner will not be running.
RoslynAnalysisRunner has terminated.
Mono: successfully reloaded assembly
- Completed reload, in  0.708 seconds
Platform modules already initialized, skipping
Refreshing native plugins compatible for Editor in 0.34 ms, found 1 plugins.
Preloading 0 native plugins for Editor in 0.00 ms.
Unloading 2383 Unused Serialized files (Serialized files now loaded: 0)
System memory in use before: 106.1 MB.
System memory in use after: 106.3 MB.

Unloading 13 unused Assets to reduce memory usage. Loaded Objects now: 2997.
Total: 1.776800 ms (FindLiveObjects: 0.225100 ms CreateObjectMapping: 0.102200 ms MarkObjects: 1.377900 ms  DeleteObjects: 0.070900 ms)

========================================================================
Received Import Request.
  Time since last request: 414.163975 seconds.
  path: Assets/Art Assets/Boss.prefab
  artifactKey: Guid(2315df4b0999d9746ac190c3a7393207) Importer(815301076,1909f56bfc062723c751e8b465ee728b)
Start importing Assets/Art Assets/Boss.prefab using Guid(2315df4b0999d9746ac190c3a7393207) Importer(815301076,1909f56bfc062723c751e8b465ee728b)  -> (artifact id: '5312ddd3f383f51d9ce012a379446dd6') in 0.066854 seconds
  Import took 0.070230 seconds .

========================================================================
Received Prepare
Registering precompiled user dll's ...
Registered in 0.001114 seconds.
Begin MonoManager ReloadAssembly
Native extension for WindowsStandalone target not found
Refreshing native plugins compatible for Editor in 0.34 ms, found 1 plugins.
Preloading 0 native plugins for Editor in 0.00 ms.
Invoked RoslynAnalysisRunner static constructor.
RoslynAnalysisRunner will not be running.
RoslynAnalysisRunner has terminated.
Mono: successfully reloaded assembly
- Completed reload, in  0.707 seconds
Platform modules already initialized, skipping
Refreshing native plugins compatible for Editor in 0.36 ms, found 1 plugins.
Preloading 0 native plugins for Editor in 0.00 ms.
Unloading 2383 Unused Serialized files (Serialized files now loaded: 0)
System memory in use before: 109.0 MB.
System memory in use after: 109.2 MB.

Unloading 13 unused Assets to reduce memory usage. Loaded Objects now: 3008.
Total: 1.766800 ms (FindLiveObjects: 0.203600 ms CreateObjectMapping: 0.088800 ms MarkObjects: 1.404900 ms  DeleteObjects: 0.068800 ms)

========================================================================
Received Prepare
Registering precompiled user dll's ...
Registered in 0.001176 seconds.
Begin MonoManager ReloadAssembly
Native extension for WindowsStandalone target not found
Refreshing native plugins compatible for Editor in 0.35 ms, found 1 plugins.
Preloading 0 native plugins for Editor in 0.00 ms.
Invoked RoslynAnalysisRunner static constructor.
RoslynAnalysisRunner will not be running.
RoslynAnalysisRunner has terminated.
Mono: successfully reloaded assembly
- Completed reload, in  0.715 seconds
Platform modules already initialized, skipping
Refreshing native plugins compatible for Editor in 0.35 ms, found 1 plugins.
Preloading 0 native plugins for Editor in 0.00 ms.
Unloading 2383 Unused Serialized files (Serialized files now loaded: 0)
System memory in use before: 109.1 MB.
System memory in use after: 109.3 MB.

Unloading 13 unused Assets to reduce memory usage. Loaded Objects now: 3012.
Total: 1.792100 ms (FindLiveObjects: 0.210300 ms CreateObjectMapping: 0.095900 ms MarkObjects: 1.413600 ms  DeleteObjects: 0.071700 ms)

========================================================================
Received Import Request.
  Time since last request: 48.989657 seconds.
  path: Assets/Art Assets/Boss.prefab
  artifactKey: Guid(2315df4b0999d9746ac190c3a7393207) Importer(815301076,1909f56bfc062723c751e8b465ee728b)
Start importing Assets/Art Assets/Boss.prefab using Guid(2315df4b0999d9746ac190c3a7393207) Importer(815301076,1909f56bfc062723c751e8b465ee728b)  -> (artifact id: '222d0a5b5af7187381120ba88983a533') in 0.040167 seconds
  Import took 0.043143 seconds .

========================================================================
Received Import Request.
  Time since last request: 0.007042 seconds.
  path: Assets/Art Assets/Boss.prefab
  artifactKey: Guid(2315df4b0999d9746ac190c3a7393207) Importer(815301076,1909f56bfc062723c751e8b465ee728b)
Start importing Assets/Art Assets/Boss.prefab using Guid(2315df4b0999d9746ac190c3a7393207) Importer(815301076,1909f56bfc062723c751e8b465ee728b)  -> (artifact id: '222d0a5b5af7187381120ba88983a533') in 0.007857 seconds
  Import took 0.010856 seconds .

========================================================================
Received Prepare
Registering precompiled user dll's ...
Registered in 0.001080 seconds.
Begin MonoManager ReloadAssembly
Native extension for WindowsStandalone target not found
Refreshing native plugins compatible for Editor in 0.34 ms, found 1 plugins.
Preloading 0 native plugins for Editor in 0.00 ms.
Invoked RoslynAnalysisRunner static constructor.
RoslynAnalysisRunner will not be running.
RoslynAnalysisRunner has terminated.
Mono: successfully reloaded assembly
- Completed reload, in  0.709 seconds
Platform modules already initialized, skipping
Refreshing native plugins compatible for Editor in 0.42 ms, found 1 plugins.
Preloading 0 native plugins for Editor in 0.00 ms.
Unloading 2383 Unused Serialized files (Serialized files now loaded: 0)
System memory in use before: 109.1 MB.
System memory in use after: 109.3 MB.

Unloading 13 unused Assets to reduce memory usage. Loaded Objects now: 3017.
Total: 2.309200 ms (FindLiveObjects: 0.230200 ms CreateObjectMapping: 0.106200 ms MarkObjects: 1.870500 ms  DeleteObjects: 0.101200 ms)

========================================================================
Received Prepare
Registering precompiled user dll's ...
Registered in 0.001074 seconds.
Begin MonoManager ReloadAssembly
Native extension for WindowsStandalone target not found
Refreshing native plugins compatible for Editor in 0.38 ms, found 1 plugins.
Preloading 0 native plugins for Editor in 0.00 ms.
Invoked RoslynAnalysisRunner static constructor.
RoslynAnalysisRunner will not be running.
RoslynAnalysisRunner has terminated.
Mono: successfully reloaded assembly
- Completed reload, in  0.845 seconds
Platform modules already initialized, skipping
Refreshing native plugins compatible for Editor in 0.36 ms, found 1 plugins.
Preloading 0 native plugins for Editor in 0.00 ms.
Unloading 2383 Unused Serialized files (Serialized files now loaded: 0)
System memory in use before: 109.2 MB.
System memory in use after: 109.3 MB.

Unloading 13 unused Assets to reduce memory usage. Loaded Objects now: 3021.
Total: 2.815800 ms (FindLiveObjects: 0.336400 ms CreateObjectMapping: 0.207800 ms MarkObjects: 2.176100 ms  DeleteObjects: 0.094200 ms)

========================================================================
Received Prepare
Registering precompiled user dll's ...
Registered in 0.001245 seconds.
Begin MonoManager ReloadAssembly
Native extension for WindowsStandalone target not found
Refreshing native plugins compatible for Editor in 0.37 ms, found 1 plugins.
Preloading 0 native plugins for Editor in 0.00 ms.
Invoked RoslynAnalysisRunner static constructor.
RoslynAnalysisRunner will not be running.
RoslynAnalysisRunner has terminated.
Mono: successfully reloaded assembly
- Completed reload, in  0.737 seconds
Platform modules already initialized, skipping
Refreshing native plugins compatible for Editor in 0.35 ms, found 1 plugins.
Preloading 0 native plugins for Editor in 0.00 ms.
Unloading 2383 Unused Serialized files (Serialized files now loaded: 0)
System memory in use before: 109.2 MB.
System memory in use after: 109.3 MB.

Unloading 13 unused Assets to reduce memory usage. Loaded Objects now: 3025.
Total: 1.766200 ms (FindLiveObjects: 0.209900 ms CreateObjectMapping: 0.095400 ms MarkObjects: 1.391200 ms  DeleteObjects: 0.069000 ms)

========================================================================
Received Prepare
Registering precompiled user dll's ...
Registered in 0.001006 seconds.
Begin MonoManager ReloadAssembly
Native extension for WindowsStandalone target not found
Refreshing native plugins compatible for Editor in 0.39 ms, found 1 plugins.
Preloading 0 native plugins for Editor in 0.00 ms.
Invoked RoslynAnalysisRunner static constructor.
RoslynAnalysisRunner will not be running.
RoslynAnalysisRunner has terminated.
Mono: successfully reloaded assembly
- Completed reload, in  0.740 seconds
Platform modules already initialized, skipping
Refreshing native plugins compatible for Editor in 0.36 ms, found 1 plugins.
Preloading 0 native plugins for Editor in 0.00 ms.
Unloading 2383 Unused Serialized files (Serialized files now loaded: 0)
System memory in use before: 109.1 MB.
System memory in use after: 109.2 MB.

Unloading 13 unused Assets to reduce memory usage. Loaded Objects now: 3029.
Total: 1.983800 ms (FindLiveObjects: 0.229100 ms CreateObjectMapping: 0.105800 ms MarkObjects: 1.572900 ms  DeleteObjects: 0.075300 ms)

========================================================================
Received Prepare
Registering precompiled user dll's ...
Registered in 0.001065 seconds.
Begin MonoManager ReloadAssembly
Native extension for WindowsStandalone target not found
Refreshing native plugins compatible for Editor in 0.34 ms, found 1 plugins.
Preloading 0 native plugins for Editor in 0.00 ms.
Invoked RoslynAnalysisRunner static constructor.
RoslynAnalysisRunner will not be running.
RoslynAnalysisRunner has terminated.
Mono: successfully reloaded assembly
- Completed reload, in  0.738 seconds
Platform modules already initialized, skipping
Refreshing native plugins compatible for Editor in 0.38 ms, found 1 plugins.
Preloading 0 native plugins for Editor in 0.00 ms.
Unloading 2383 Unused Serialized files (Serialized files now loaded: 0)
System memory in use before: 109.2 MB.
System memory in use after: 109.3 MB.

Unloading 13 unused Assets to reduce memory usage. Loaded Objects now: 3033.
Total: 1.799000 ms (FindLiveObjects: 0.216900 ms CreateObjectMapping: 0.097400 ms MarkObjects: 1.413000 ms  DeleteObjects: 0.070600 ms)

========================================================================
Received Prepare
Registering precompiled user dll's ...
Registered in 0.001081 seconds.
Begin MonoManager ReloadAssembly
Native extension for WindowsStandalone target not found
Refreshing native plugins compatible for Editor in 0.35 ms, found 1 plugins.
Preloading 0 native plugins for Editor in 0.00 ms.
Invoked RoslynAnalysisRunner static constructor.
RoslynAnalysisRunner will not be running.
RoslynAnalysisRunner has terminated.
Mono: successfully reloaded assembly
- Completed reload, in  0.715 seconds
Platform modules already initialized, skipping
Refreshing native plugins compatible for Editor in 0.34 ms, found 1 plugins.
Preloading 0 native plugins for Editor in 0.00 ms.
Unloading 2383 Unused Serialized files (Serialized files now loaded: 0)
System memory in use before: 109.2 MB.
System memory in use after: 109.3 MB.

Unloading 13 unused Assets to reduce memory usage. Loaded Objects now: 3037.
Total: 1.782900 ms (FindLiveObjects: 0.218600 ms CreateObjectMapping: 0.102100 ms MarkObjects: 1.391600 ms  DeleteObjects: 0.069900 ms)

========================================================================
Received Import Request.
  Time since last request: 549.704758 seconds.
  path: Assets/Art Assets/Player/Player_idle.anim
  artifactKey: Guid(62f16c47cbbc42e4fbc10c75621a941d) Importer(815301076,1909f56bfc062723c751e8b465ee728b)
Start importing Assets/Art Assets/Player/Player_idle.anim using Guid(62f16c47cbbc42e4fbc10c75621a941d) Importer(815301076,1909f56bfc062723c751e8b465ee728b)  -> (artifact id: '6f26fec47b7279e7f7c075073c774886') in 0.015123 seconds
  Import took 0.018071 seconds .

========================================================================
Received Import Request.
  Time since last request: 5.891143 seconds.
  path: Assets/Art Assets/Player/Idle
  artifactKey: Guid(c730bbd91f4c06347a0ed00a1fc60705) Importer(815301076,1909f56bfc062723c751e8b465ee728b)
Start importing Assets/Art Assets/Player/Idle using Guid(c730bbd91f4c06347a0ed00a1fc60705) Importer(815301076,1909f56bfc062723c751e8b465ee728b)  -> (artifact id: '5b123dfcd6afe0b8b6c3ead99f2f1310') in 0.005367 seconds
  Import took 0.008385 seconds .

========================================================================
Received Import Request.
  Time since last request: 7.800817 seconds.
  path: Assets/Art Assets/Player/Run
  artifactKey: Guid(824fe6668c4b1c6478c5e3306abf2cb5) Importer(815301076,1909f56bfc062723c751e8b465ee728b)
Start importing Assets/Art Assets/Player/Run using Guid(824fe6668c4b1c6478c5e3306abf2cb5) Importer(815301076,1909f56bfc062723c751e8b465ee728b)  -> (artifact id: 'c9b2a9ec18cbf70d6da441c1df873cf0') in 0.005788 seconds
  Import took 0.008640 seconds .

AssetImportWorkerClient::OnTransportError - code=2 error=End of file
